\BOOKMARK [0][-]{chapter.1}{Introduction to mathematical modeling}{}% 1
\BOOKMARK [1][-]{section.1.1}{What is a mathematical model ? }{chapter.1}% 2
\BOOKMARK [1][-]{section.1.2}{Why would we need a mathematical model ? }{chapter.1}% 3
\BOOKMARK [1][-]{section.1.3}{What is good mathematical model ? }{chapter.1}% 4
\BOOKMARK [1][-]{section.1.4}{What are the keys elements to develop a model ? }{chapter.1}% 5
\BOOKMARK [1][-]{section.1.5}{Metrics and norms}{chapter.1}% 6
\BOOKMARK [1][-]{section.1.6}{Scales and non-dimensionalizing}{chapter.1}% 7
\BOOKMARK [1][-]{section.1.7}{Let's start modeling !}{chapter.1}% 8
\BOOKMARK [0][-]{chapter.2}{Modeling population dynamics}{}% 9
\BOOKMARK [1][-]{section.2.1}{Modeling one population}{chapter.2}% 10
\BOOKMARK [1][-]{section.2.2}{Modeling two populations: Competitive model}{chapter.2}% 11
\BOOKMARK [1][-]{section.2.3}{Prey-predator model}{chapter.2}% 12
\BOOKMARK [2][-]{subsection.2.3.1}{Equilibrium points}{section.2.3}% 13
\BOOKMARK [2][-]{subsection.2.3.2}{Linearize the system}{section.2.3}% 14
\BOOKMARK [2][-]{subsection.2.3.3}{Stability of the equilibria}{section.2.3}% 15
\BOOKMARK [2][-]{subsection.2.3.4}{Phase portrait}{section.2.3}% 16
\BOOKMARK [1][-]{section.2.4}{Non-dimensionalizing}{chapter.2}% 17
\BOOKMARK [1][-]{section.2.5}{Stability via Lyapunov functions}{chapter.2}% 18
\BOOKMARK [1][-]{section.2.6}{Numerical methods}{chapter.2}% 19
\BOOKMARK [1][-]{section.2.7}{Logistic map: towards chaos}{chapter.2}% 20
\BOOKMARK [1][-]{section.2.8}{Conclusion}{chapter.2}% 21
\BOOKMARK [0][-]{chapter.3}{A brief overview of Partial Differential Equations}{}% 22
\BOOKMARK [0][-]{chapter.4}{Random walks}{}% 23
\BOOKMARK [1][-]{section.4.1}{Walkers \(in 1D\)}{chapter.4}% 24
\BOOKMARK [1][-]{section.4.2}{Random walkers \(in 1D\)}{chapter.4}% 25
\BOOKMARK [1][-]{section.4.3}{Introducing bias}{chapter.4}% 26
\BOOKMARK [1][-]{section.4.4}{Boundary condition}{chapter.4}% 27
\BOOKMARK [1][-]{section.4.5}{Distribution of step sizes}{chapter.4}% 28
\BOOKMARK [1][-]{section.4.6}{Towards Maximum Likelihood}{chapter.4}% 29
\BOOKMARK [0][-]{chapter.5}{Linear and quadratic optimization}{}% 30
\BOOKMARK [0][-]{chapter.6}{Maximum likelihood estimates}{}% 31
\BOOKMARK [0][-]{chapter.7}{Stochastics Differential Equations}{}% 32
\BOOKMARK [0][-]{chapter.8}{Controle and command}{}% 33
